{"total": {"lines":{"total":3,"covered":2,"skipped":0,"pct":66.67},"statements":{"total":414,"covered":282,"skipped":0,"pct":68.12},"functions":{"total":127,"covered":80,"skipped":0,"pct":62.99},"branches":{"total":564,"covered":321,"skipped":0,"pct":56.91}}
,"/Users/yuetao/Projects/arith-expr/dist/index.js": {"lines":{"total":3,"covered":2,"skipped":0,"pct":66.67},"functions":{"total":127,"covered":80,"skipped":0,"pct":62.99},"statements":{"total":414,"covered":282,"skipped":0,"pct":68.12},"branches":{"total":564,"covered":321,"skipped":0,"pct":56.91}}
}
