TN:
SF:dist/index.js
FN:1,(anonymous_0)
FN:1,(anonymous_1)
FN:1,(anonymous_2)
FN:1,r
FN:1,(anonymous_4)
FN:1,(anonymous_5)
FN:1,(anonymous_6)
FN:1,(anonymous_7)
FN:1,(anonymous_8)
FN:1,(anonymous_9)
FN:1,(anonymous_10)
FN:1,(anonymous_11)
FN:1,(anonymous_12)
FN:1,(anonymous_13)
FN:1,(anonymous_14)
FN:1,(anonymous_15)
FN:1,r
FN:1,(anonymous_17)
FN:1,(anonymous_18)
FN:1,(anonymous_19)
FN:1,(anonymous_20)
FN:1,(anonymous_21)
FN:1,(anonymous_22)
FN:1,(anonymous_23)
FN:1,(anonymous_24)
FN:1,(anonymous_25)
FN:8,r
FN:14,(anonymous_27)
FN:14,(anonymous_28)
FN:14,(anonymous_29)
FN:14,(anonymous_30)
FN:14,(anonymous_31)
FN:14,(anonymous_32)
FN:14,(anonymous_33)
FN:14,(anonymous_34)
FN:14,(anonymous_35)
FN:14,(anonymous_36)
FN:14,(anonymous_37)
FN:14,(anonymous_38)
FN:14,(anonymous_39)
FN:14,(anonymous_40)
FN:14,(anonymous_41)
FN:14,(anonymous_42)
FN:14,(anonymous_43)
FN:14,(anonymous_44)
FN:14,(anonymous_45)
FN:14,(anonymous_46)
FN:14,(anonymous_47)
FN:14,(anonymous_48)
FN:14,(anonymous_49)
FN:14,(anonymous_50)
FN:14,(anonymous_51)
FN:14,(anonymous_52)
FN:14,(anonymous_53)
FN:14,(anonymous_54)
FN:14,(anonymous_55)
FN:14,(anonymous_56)
FN:14,(anonymous_57)
FN:14,n
FN:14,(anonymous_59)
FN:14,r
FN:14,(anonymous_61)
FN:14,(anonymous_62)
FN:14,(anonymous_63)
FN:14,(anonymous_64)
FN:14,(anonymous_65)
FN:14,(anonymous_66)
FN:14,n
FN:14,o
FN:14,(anonymous_69)
FN:14,(anonymous_70)
FN:14,c
FN:14,(anonymous_72)
FN:14,(anonymous_73)
FN:14,(anonymous_74)
FN:14,(anonymous_75)
FN:14,(anonymous_76)
FN:14,(anonymous_77)
FN:14,(anonymous_78)
FN:14,(anonymous_79)
FN:14,(anonymous_80)
FN:14,(anonymous_81)
FN:14,(anonymous_82)
FN:14,(anonymous_83)
FN:14,(anonymous_84)
FN:14,(anonymous_85)
FN:14,(anonymous_86)
FN:14,(anonymous_87)
FN:14,(anonymous_88)
FN:14,(anonymous_89)
FN:14,(anonymous_90)
FN:14,it
FN:14,at
FN:14,(anonymous_93)
FN:14,lt
FN:14,ft
FN:14,st
FN:14,pt
FN:14,ht
FN:14,dt
FN:14,gt
FN:14,vt
FN:14,(anonymous_102)
FN:14,(anonymous_103)
FN:14,_t
FN:14,(anonymous_105)
FN:14,yt
FN:14,At
FN:14,bt
FN:14,(anonymous_109)
FN:14,(anonymous_110)
FN:14,xt
FN:14,mt
FN:14,Ot
FNF:114
FNH:57
FNDA:1,(anonymous_0)
FNDA:1,(anonymous_1)
FNDA:1,(anonymous_2)
FNDA:3,r
FNDA:0,(anonymous_4)
FNDA:0,(anonymous_5)
FNDA:0,(anonymous_6)
FNDA:0,(anonymous_7)
FNDA:0,(anonymous_8)
FNDA:0,(anonymous_9)
FNDA:0,(anonymous_10)
FNDA:0,(anonymous_11)
FNDA:1,(anonymous_12)
FNDA:18,(anonymous_13)
FNDA:1,(anonymous_14)
FNDA:1,(anonymous_15)
FNDA:16,r
FNDA:0,(anonymous_17)
FNDA:0,(anonymous_18)
FNDA:0,(anonymous_19)
FNDA:0,(anonymous_20)
FNDA:0,(anonymous_21)
FNDA:0,(anonymous_22)
FNDA:0,(anonymous_23)
FNDA:0,(anonymous_24)
FNDA:1,(anonymous_25)
FNDA:0,r
FNDA:0,(anonymous_27)
FNDA:0,(anonymous_28)
FNDA:4,(anonymous_29)
FNDA:1,(anonymous_30)
FNDA:4,(anonymous_31)
FNDA:0,(anonymous_32)
FNDA:4,(anonymous_33)
FNDA:5241,(anonymous_34)
FNDA:1,(anonymous_35)
FNDA:1,(anonymous_36)
FNDA:0,(anonymous_37)
FNDA:0,(anonymous_38)
FNDA:1,(anonymous_39)
FNDA:0,(anonymous_40)
FNDA:0,(anonymous_41)
FNDA:0,(anonymous_42)
FNDA:1,(anonymous_43)
FNDA:0,(anonymous_44)
FNDA:0,(anonymous_45)
FNDA:0,(anonymous_46)
FNDA:0,(anonymous_47)
FNDA:0,(anonymous_48)
FNDA:1,(anonymous_49)
FNDA:0,(anonymous_50)
FNDA:1,(anonymous_51)
FNDA:0,(anonymous_52)
FNDA:0,(anonymous_53)
FNDA:1,(anonymous_54)
FNDA:0,(anonymous_55)
FNDA:0,(anonymous_56)
FNDA:1,(anonymous_57)
FNDA:0,n
FNDA:1,(anonymous_59)
FNDA:1,r
FNDA:0,(anonymous_61)
FNDA:0,(anonymous_62)
FNDA:0,(anonymous_63)
FNDA:0,(anonymous_64)
FNDA:0,(anonymous_65)
FNDA:0,(anonymous_66)
FNDA:0,n
FNDA:0,o
FNDA:0,(anonymous_69)
FNDA:0,(anonymous_70)
FNDA:0,c
FNDA:0,(anonymous_72)
FNDA:0,(anonymous_73)
FNDA:0,(anonymous_74)
FNDA:0,(anonymous_75)
FNDA:18,(anonymous_76)
FNDA:5,(anonymous_77)
FNDA:5,(anonymous_78)
FNDA:5,(anonymous_79)
FNDA:0,(anonymous_80)
FNDA:2,(anonymous_81)
FNDA:21,(anonymous_82)
FNDA:14,(anonymous_83)
FNDA:30,(anonymous_84)
FNDA:6,(anonymous_85)
FNDA:7,(anonymous_86)
FNDA:16,(anonymous_87)
FNDA:26,(anonymous_88)
FNDA:28,(anonymous_89)
FNDA:31,(anonymous_90)
FNDA:90,it
FNDA:0,at
FNDA:0,(anonymous_93)
FNDA:180,lt
FNDA:108,ft
FNDA:90,st
FNDA:0,pt
FNDA:0,ht
FNDA:248,dt
FNDA:0,gt
FNDA:18,vt
FNDA:18,(anonymous_102)
FNDA:5,(anonymous_103)
FNDA:16,_t
FNDA:16,(anonymous_105)
FNDA:21,yt
FNDA:35,At
FNDA:59,bt
FNDA:52,(anonymous_109)
FNDA:36,(anonymous_110)
FNDA:55,xt
FNDA:47,mt
FNDA:255,Ot
DA:1,18
DA:8,0
DA:14,5241
LF:3
LH:2
BRDA:1,0,0,1
BRDA:1,0,1,0
BRDA:1,1,0,1
BRDA:1,1,1,1
BRDA:1,2,0,0
BRDA:1,2,1,0
BRDA:1,3,0,0
BRDA:1,3,1,0
BRDA:1,4,0,0
BRDA:1,4,1,0
BRDA:1,5,0,0
BRDA:1,5,1,3
BRDA:1,6,0,0
BRDA:1,6,1,0
BRDA:1,7,0,0
BRDA:1,7,1,0
BRDA:1,7,2,0
BRDA:1,8,0,0
BRDA:1,8,1,0
BRDA:1,9,0,0
BRDA:1,9,1,0
BRDA:1,10,0,0
BRDA:1,10,1,0
BRDA:1,11,0,0
BRDA:1,11,1,0
BRDA:1,11,2,0
BRDA:1,11,3,0
BRDA:1,12,0,0
BRDA:1,12,1,0
BRDA:1,13,0,0
BRDA:1,13,1,0
BRDA:1,14,0,0
BRDA:1,14,1,0
BRDA:1,15,0,0
BRDA:1,15,1,0
BRDA:1,16,0,13
BRDA:1,17,0,14
BRDA:1,18,0,7
BRDA:1,18,1,9
BRDA:1,19,0,0
BRDA:1,19,1,0
BRDA:1,20,0,0
BRDA:1,20,1,0
BRDA:1,20,2,0
BRDA:1,21,0,0
BRDA:1,21,1,0
BRDA:1,22,0,0
BRDA:1,22,1,0
BRDA:1,23,0,0
BRDA:1,23,1,0
BRDA:1,24,0,0
BRDA:1,24,1,0
BRDA:1,24,2,0
BRDA:1,24,3,0
BRDA:1,25,0,0
BRDA:1,25,1,0
BRDA:1,26,0,0
BRDA:1,26,1,0
BRDA:1,27,0,0
BRDA:1,27,1,0
BRDA:1,28,0,0
BRDA:1,28,1,0
BRDA:8,29,0,0
BRDA:8,29,1,0
BRDA:8,30,0,0
BRDA:8,30,1,0
BRDA:8,30,2,0
BRDA:14,31,0,0
BRDA:14,32,0,0
BRDA:14,32,1,0
BRDA:14,33,0,0
BRDA:14,33,1,0
BRDA:14,34,0,0
BRDA:14,34,1,0
BRDA:14,35,0,0
BRDA:14,35,1,0
BRDA:14,36,0,0
BRDA:14,36,1,0
BRDA:14,36,2,0
BRDA:14,36,3,0
BRDA:14,37,0,4
BRDA:14,37,1,0
BRDA:14,38,0,0
BRDA:14,39,0,4
BRDA:14,40,0,0
BRDA:14,40,1,4
BRDA:14,41,0,0
BRDA:14,41,1,4
BRDA:14,42,0,4
BRDA:14,42,1,4
BRDA:14,43,0,0
BRDA:14,43,1,0
BRDA:14,44,0,0
BRDA:14,44,1,0
BRDA:14,45,0,0
BRDA:14,45,1,0
BRDA:14,46,0,0
BRDA:14,46,1,0
BRDA:14,47,0,0
BRDA:14,47,1,4
BRDA:14,48,0,0
BRDA:14,49,0,4
BRDA:14,49,1,0
BRDA:14,50,0,7
BRDA:14,50,1,4
BRDA:14,51,0,3
BRDA:14,51,1,0
BRDA:14,52,0,3
BRDA:14,52,1,0
BRDA:14,53,0,0
BRDA:14,53,1,0
BRDA:14,54,0,0
BRDA:14,54,1,0
BRDA:14,55,0,0
BRDA:14,55,1,0
BRDA:14,56,0,0
BRDA:14,56,1,0
BRDA:14,57,0,0
BRDA:14,57,1,0
BRDA:14,58,0,0
BRDA:14,58,1,0
BRDA:14,59,0,0
BRDA:14,59,1,0
BRDA:14,60,0,0
BRDA:14,60,1,0
BRDA:14,61,0,0
BRDA:14,61,1,0
BRDA:14,62,0,0
BRDA:14,62,1,0
BRDA:14,63,0,0
BRDA:14,63,1,0
BRDA:14,64,0,0
BRDA:14,64,1,0
BRDA:14,65,0,0
BRDA:14,65,1,0
BRDA:14,66,0,0
BRDA:14,66,1,0
BRDA:14,67,0,0
BRDA:14,67,1,0
BRDA:14,68,0,0
BRDA:14,68,1,0
BRDA:14,69,0,0
BRDA:14,69,1,0
BRDA:14,70,0,0
BRDA:14,71,0,0
BRDA:14,72,0,0
BRDA:14,72,1,0
BRDA:14,73,0,0
BRDA:14,73,1,0
BRDA:14,74,0,0
BRDA:14,74,1,0
BRDA:14,75,0,0
BRDA:14,75,1,0
BRDA:14,76,0,0
BRDA:14,77,0,0
BRDA:14,78,0,0
BRDA:14,78,1,0
BRDA:14,79,0,0
BRDA:14,79,1,0
BRDA:14,80,0,0
BRDA:14,80,1,0
BRDA:14,81,0,0
BRDA:14,81,1,0
BRDA:14,82,0,0
BRDA:14,82,1,0
BRDA:14,83,0,0
BRDA:14,83,1,0
BRDA:14,84,0,0
BRDA:14,84,1,0
BRDA:14,85,0,0
BRDA:14,85,1,0
BRDA:14,85,2,0
BRDA:14,86,0,0
BRDA:14,86,1,0
BRDA:14,87,0,0
BRDA:14,87,1,18
BRDA:14,88,0,1
BRDA:14,88,1,4
BRDA:14,89,0,1
BRDA:14,89,1,3
BRDA:14,90,0,0
BRDA:14,90,1,3
BRDA:14,91,0,1
BRDA:14,91,1,2
BRDA:14,92,0,1
BRDA:14,92,1,1
BRDA:14,93,0,1
BRDA:14,93,1,4
BRDA:14,94,0,1
BRDA:14,94,1,4
BRDA:14,95,0,3
BRDA:14,95,1,1
BRDA:14,96,0,0
BRDA:14,96,1,2
BRDA:14,97,0,1
BRDA:14,97,1,1
BRDA:14,98,0,2
BRDA:14,98,1,19
BRDA:14,99,0,7
BRDA:14,99,1,7
BRDA:14,100,0,19
BRDA:14,100,1,5
BRDA:14,101,0,5
BRDA:14,101,1,1
BRDA:14,102,0,12
BRDA:14,102,1,4
BRDA:14,103,0,0
BRDA:14,103,1,18
BRDA:14,104,0,0
BRDA:14,104,1,0
BRDA:14,105,0,0
BRDA:14,105,1,0
BRDA:14,106,0,0
BRDA:14,106,1,0
BRDA:14,107,0,0
BRDA:14,107,1,0
BRDA:14,108,0,248
BRDA:14,108,1,214
BRDA:14,109,0,214
BRDA:14,109,1,61
BRDA:14,110,0,5
BRDA:14,110,1,13
BRDA:14,111,0,18
BRDA:14,111,1,5
BRDA:14,112,0,5
BRDA:14,112,1,0
BRDA:14,113,0,5
BRDA:14,113,1,0
BRDA:14,114,0,0
BRDA:14,114,1,0
BRDA:14,115,0,5
BRDA:14,115,1,0
BRDA:14,116,0,5
BRDA:14,116,1,0
BRDA:14,117,0,0
BRDA:14,117,1,5
BRDA:14,118,0,5
BRDA:14,118,1,5
BRDA:14,119,0,0
BRDA:14,119,1,5
BRDA:14,120,0,5
BRDA:14,120,1,0
BRDA:14,121,0,0
BRDA:14,121,1,0
BRDA:14,122,0,0
BRDA:14,122,1,0
BRDA:14,123,0,0
BRDA:14,123,1,0
BRDA:14,124,0,0
BRDA:14,124,1,0
BRDA:14,125,0,5
BRDA:14,125,1,0
BRDA:14,126,0,3
BRDA:14,126,1,2
BRDA:14,127,0,2
BRDA:14,127,1,2
BRDA:14,128,0,3
BRDA:14,128,1,2
BRDA:14,129,0,5
BRDA:14,129,1,3
BRDA:14,130,0,0
BRDA:14,130,1,3
BRDA:14,131,0,3
BRDA:14,131,1,3
BRDA:14,132,0,0
BRDA:14,132,1,3
BRDA:14,133,0,3
BRDA:14,133,1,0
BRDA:14,134,0,5
BRDA:14,134,1,0
BRDA:14,135,0,18
BRDA:14,135,1,13
BRDA:14,136,0,16
BRDA:14,136,1,14
BRDA:14,137,0,13
BRDA:14,137,1,3
BRDA:14,138,0,16
BRDA:14,138,1,13
BRDA:14,139,0,2
BRDA:14,139,1,11
BRDA:14,140,0,11
BRDA:14,140,1,11
BRDA:14,141,0,2
BRDA:14,141,1,11
BRDA:14,142,0,13
BRDA:14,142,1,2
BRDA:14,142,2,2
BRDA:14,143,0,21
BRDA:14,143,1,0
BRDA:14,144,0,21
BRDA:14,144,1,5
BRDA:14,145,0,21
BRDA:14,145,1,0
BRDA:14,146,0,7
BRDA:14,146,1,14
BRDA:14,147,0,14
BRDA:14,147,1,14
BRDA:14,148,0,21
BRDA:14,148,1,14
BRDA:14,149,0,6
BRDA:14,149,1,8
BRDA:14,150,0,8
BRDA:14,150,1,8
BRDA:14,151,0,13
BRDA:14,151,1,8
BRDA:14,152,0,21
BRDA:14,152,1,13
BRDA:14,152,2,13
BRDA:14,153,0,14
BRDA:14,153,1,0
BRDA:14,154,0,0
BRDA:14,154,1,14
BRDA:14,155,0,14
BRDA:14,155,1,14
BRDA:14,156,0,14
BRDA:14,156,1,14
BRDA:14,157,0,1
BRDA:14,157,1,13
BRDA:14,158,0,13
BRDA:14,158,1,13
BRDA:14,159,0,1
BRDA:14,159,1,13
BRDA:14,160,0,14
BRDA:14,160,1,1
BRDA:14,160,2,1
BRDA:14,161,0,21
BRDA:14,161,1,0
BRDA:14,162,0,30
BRDA:14,162,1,5
BRDA:14,163,0,30
BRDA:14,163,1,0
BRDA:14,164,0,5
BRDA:14,164,1,25
BRDA:14,165,0,25
BRDA:14,165,1,25
BRDA:14,166,0,30
BRDA:14,166,1,25
BRDA:14,167,0,1
BRDA:14,167,1,24
BRDA:14,168,0,24
BRDA:14,168,1,24
BRDA:14,169,0,6
BRDA:14,169,1,24
BRDA:14,170,0,30
BRDA:14,170,1,6
BRDA:14,170,2,6
BRDA:14,171,0,6
BRDA:14,171,1,0
BRDA:14,172,0,0
BRDA:14,172,1,6
BRDA:14,173,0,6
BRDA:14,173,1,6
BRDA:14,174,0,6
BRDA:14,174,1,6
BRDA:14,175,0,0
BRDA:14,175,1,6
BRDA:14,176,0,6
BRDA:14,176,1,6
BRDA:14,177,0,0
BRDA:14,177,1,6
BRDA:14,178,0,6
BRDA:14,178,1,0
BRDA:14,178,2,0
BRDA:14,179,0,30
BRDA:14,179,1,0
BRDA:14,180,0,7
BRDA:14,180,1,52
BRDA:14,181,0,52
BRDA:14,181,1,52
BRDA:14,182,0,7
BRDA:14,182,1,52
BRDA:14,183,0,59
BRDA:14,183,1,7
BRDA:14,183,2,7
BRDA:14,183,3,7
BRDA:14,184,0,7
BRDA:14,184,1,0
BRDA:14,185,0,0
BRDA:14,185,1,0
BRDA:14,186,0,7
BRDA:14,186,1,0
BRDA:14,187,0,59
BRDA:14,187,1,52
BRDA:14,187,2,36
BRDA:14,187,3,8
BRDA:14,188,0,52
BRDA:14,188,1,0
BRDA:14,189,0,16
BRDA:14,189,1,36
BRDA:14,190,0,16
BRDA:14,190,1,36
BRDA:14,191,0,36
BRDA:14,191,1,0
BRDA:14,192,0,16
BRDA:14,192,1,0
BRDA:14,193,0,52
BRDA:14,193,1,36
BRDA:14,194,0,36
BRDA:14,194,1,36
BRDA:14,195,0,28
BRDA:14,195,1,8
BRDA:14,196,0,36
BRDA:14,196,1,36
BRDA:14,197,0,3
BRDA:14,197,1,25
BRDA:14,198,0,25
BRDA:14,198,1,0
BRDA:14,199,0,3
BRDA:14,199,1,25
BRDA:14,200,0,28
BRDA:14,200,1,3
BRDA:14,201,0,0
BRDA:14,201,1,3
BRDA:14,202,0,3
BRDA:14,202,1,0
BRDA:14,203,0,0
BRDA:14,203,1,3
BRDA:14,204,0,0
BRDA:14,204,1,0
BRDA:14,205,0,0
BRDA:14,205,1,0
BRDA:14,206,0,0
BRDA:14,206,1,0
BRDA:14,207,0,0
BRDA:14,207,1,0
BRDA:14,208,0,3
BRDA:14,208,1,3
BRDA:14,209,0,3
BRDA:14,209,1,0
BRDA:14,210,0,28
BRDA:14,210,1,25
BRDA:14,211,0,28
BRDA:14,211,1,0
BRDA:14,212,0,36
BRDA:14,212,1,8
BRDA:14,213,0,8
BRDA:14,213,1,8
BRDA:14,214,0,26
BRDA:14,214,1,29
BRDA:14,215,0,26
BRDA:14,215,1,29
BRDA:14,216,0,29
BRDA:14,216,1,0
BRDA:14,217,0,18
BRDA:14,217,1,8
BRDA:14,218,0,8
BRDA:14,218,1,0
BRDA:14,219,0,55
BRDA:14,219,1,18
BRDA:14,220,0,18
BRDA:14,220,1,0
BRDA:14,221,0,26
BRDA:14,221,1,0
BRDA:14,222,0,55
BRDA:14,222,1,29
BRDA:14,223,0,29
BRDA:14,223,1,13
BRDA:14,224,0,47
BRDA:14,224,1,0
BRDA:14,225,0,31
BRDA:14,225,1,16
BRDA:14,226,0,31
BRDA:14,226,1,16
BRDA:14,227,0,16
BRDA:14,227,1,0
BRDA:14,228,0,2
BRDA:14,228,1,31
BRDA:14,229,0,31
BRDA:14,229,1,0
BRDA:14,230,0,31
BRDA:14,230,1,16
BRDA:14,231,0,47
BRDA:14,231,1,16
BRDA:14,231,2,8
BRDA:14,232,0,15
BRDA:14,232,1,240
BRDA:14,233,0,240
BRDA:14,233,1,0
BRDA:14,234,0,0
BRDA:14,234,1,15
BRDA:14,235,0,15
BRDA:14,235,1,0
BRDA:14,236,0,255
BRDA:14,236,1,0
BRDA:14,237,0,0
BRDA:14,237,1,0
BRDA:14,238,0,7
BRDA:14,239,0,0
BRDA:14,240,0,18
BRDA:14,240,1,0
BRDA:14,241,0,18
BRDA:14,241,1,18
BRDA:14,242,0,0
BRDA:14,242,1,0
BRDA:14,242,2,0
BRDA:14,243,0,0
BRDA:14,243,1,0
BRDA:14,244,0,0
BRDA:14,244,1,0
BRF:499
BRH:255
end_of_record
